<?xml version="1.0" encoding="UTF-8"?>
<testng-results ignored="0" total="1" passed="1" failed="0" skipped="0">
  <reporter-output>
  </reporter-output>
  <suite started-at="2023-10-14T04:22:10 EET" name="Default suite" finished-at="2023-10-14T04:22:17 EET" duration-ms="6528">
    <groups>
    </groups>
    <test started-at="2023-10-14T04:22:10 EET" name="Default test" finished-at="2023-10-14T04:22:17 EET" duration-ms="6528">
      <class name="tests.UserLogOutTest">
        <test-method is-config="true" signature="startDriver()[pri:0, instance:tests.UserLogOutTest@593aaf41]" started-at="2023-10-14T04:22:03 EET" name="startDriver" finished-at="2023-10-14T04:22:10 EET" duration-ms="7080" status="PASS">
          <reporter-output>
          </reporter-output>
        </test-method> <!-- startDriver -->
        <test-method signature="userSignUpsuccessfully()[pri:0, instance:tests.UserLogOutTest@593aaf41]" started-at="2023-10-14T04:22:10 EET" name="userSignUpsuccessfully" finished-at="2023-10-14T04:22:17 EET" duration-ms="6470" status="PASS">
          <reporter-output>
          </reporter-output>
        </test-method> <!-- userSignUpsuccessfully -->
        <test-method is-config="true" signature="stopDriver()[pri:0, instance:tests.UserLogOutTest@593aaf41]" started-at="2023-10-14T04:22:17 EET" name="stopDriver" finished-at="2023-10-14T04:22:17 EET" duration-ms="398" status="PASS">
          <reporter-output>
          </reporter-output>
        </test-method> <!-- stopDriver -->
      </class> <!-- tests.UserLogOutTest -->
    </test> <!-- Default test -->
  </suite> <!-- Default suite -->
</testng-results>
